Copyright 1986-2022 Xilinx, Inc. All Rights Reserved.
------------------------------------------------------------------------------------
| Tool Version : Vivado v.2022.1 (lin64) Build 3526262 Mon Apr 18 15:47:01 MDT 2022
| Date         : Fri Sep  5 13:54:10 2025
| Host         : arjun-Aspire-A315-59 running 64-bit Ubuntu 24.10
| Command      : upgrade_ip
| Device       : xc7a100tcsg324-1
------------------------------------------------------------------------------------

Upgrade Log for IP 'm3_for_arty_a7_xlconstant_1_1'

1. Summary
----------

SUCCESS in the conversion of m3_for_arty_a7_xlconstant_1_1 (xilinx.com:ip:xlconstant:1.1 (Rev. 7)) to Vivado generation flows.






Copyright 1986-2022 Xilinx, Inc. All Rights Reserved.
------------------------------------------------------------------------------------
| Tool Version : Vivado v.2022.1 (lin64) Build 3526262 Mon Apr 18 15:47:01 MDT 2022
| Date         : Fri Sep  5 13:54:10 2025
| Host         : arjun-Aspire-A315-59 running 64-bit Ubuntu 24.10
| Command      : upgrade_ip
| Device       : xc7a100tcsg324-1
------------------------------------------------------------------------------------

Upgrade Log for IP 'm3_for_arty_a7_xlconstant_1_0'

1. Summary
----------

SUCCESS in the conversion of m3_for_arty_a7_xlconstant_1_0 (xilinx.com:ip:xlconstant:1.1 (Rev. 7)) to Vivado generation flows.






Copyright 1986-2022 Xilinx, Inc. All Rights Reserved.
------------------------------------------------------------------------------------
| Tool Version : Vivado v.2022.1 (lin64) Build 3526262 Mon Apr 18 15:47:01 MDT 2022
| Date         : Fri Sep  5 13:54:10 2025
| Host         : arjun-Aspire-A315-59 running 64-bit Ubuntu 24.10
| Command      : upgrade_ip
| Device       : xc7a100tcsg324-1
------------------------------------------------------------------------------------

Upgrade Log for IP 'm3_for_arty_a7_xlconcat_1_0'

1. Summary
----------

SUCCESS in the conversion of m3_for_arty_a7_xlconcat_1_0 (xilinx.com:ip:xlconcat:2.1 (Rev. 4)) to Vivado generation flows.






Copyright 1986-2022 Xilinx, Inc. All Rights Reserved.
------------------------------------------------------------------------------------
| Tool Version : Vivado v.2022.1 (lin64) Build 3526262 Mon Apr 18 15:47:01 MDT 2022
| Date         : Fri Sep  5 13:54:10 2025
| Host         : arjun-Aspire-A315-59 running 64-bit Ubuntu 24.10
| Command      : upgrade_ip
| Device       : xc7a100tcsg324-1
------------------------------------------------------------------------------------

Upgrade Log for IP 'm3_for_arty_a7_xlconcat_0_0'

1. Summary
----------

SUCCESS in the conversion of m3_for_arty_a7_xlconcat_0_0 (xilinx.com:ip:xlconcat:2.1 (Rev. 4)) to Vivado generation flows.






Copyright 1986-2022 Xilinx, Inc. All Rights Reserved.
------------------------------------------------------------------------------------
| Tool Version : Vivado v.2022.1 (lin64) Build 3526262 Mon Apr 18 15:47:01 MDT 2022
| Date         : Fri Sep  5 13:54:10 2025
| Host         : arjun-Aspire-A315-59 running 64-bit Ubuntu 24.10
| Command      : upgrade_ip
| Device       : xc7a100tcsg324-1
------------------------------------------------------------------------------------

Upgrade Log for IP 'm3_for_arty_a7_tri_io_buf_0_0'

1. Summary
----------

SUCCESS in the conversion of m3_for_arty_a7_tri_io_buf_0_0 (xilinx.com:module_ref:tri_io_buf:1.0 (Rev. 1)) to Vivado generation flows.






Copyright 1986-2022 Xilinx, Inc. All Rights Reserved.
------------------------------------------------------------------------------------
| Tool Version : Vivado v.2022.1 (lin64) Build 3526262 Mon Apr 18 15:47:01 MDT 2022
| Date         : Fri Sep  5 13:54:10 2025
| Host         : arjun-Aspire-A315-59 running 64-bit Ubuntu 24.10
| Command      : upgrade_ip
| Device       : xc7a100tcsg324-1
------------------------------------------------------------------------------------

Upgrade Log for IP 'm3_for_arty_a7_proc_sys_reset_base_0'

1. Summary
----------

SUCCESS in the conversion of m3_for_arty_a7_proc_sys_reset_base_0 (xilinx.com:ip:proc_sys_reset:5.0 (Rev. 13)) to Vivado generation flows.






Copyright 1986-2022 Xilinx, Inc. All Rights Reserved.
------------------------------------------------------------------------------------
| Tool Version : Vivado v.2022.1 (lin64) Build 3526262 Mon Apr 18 15:47:01 MDT 2022
| Date         : Fri Sep  5 13:54:10 2025
| Host         : arjun-Aspire-A315-59 running 64-bit Ubuntu 24.10
| Command      : upgrade_ip
| Device       : xc7a100tcsg324-1
------------------------------------------------------------------------------------

Upgrade Log for IP 'm3_for_arty_a7_proc_sys_reset_DAPLink_0'

1. Summary
----------

SUCCESS in the conversion of m3_for_arty_a7_proc_sys_reset_DAPLink_0 (xilinx.com:ip:proc_sys_reset:5.0 (Rev. 13)) to Vivado generation flows.






Copyright 1986-2022 Xilinx, Inc. All Rights Reserved.
------------------------------------------------------------------------------------
| Tool Version : Vivado v.2022.1 (lin64) Build 3526262 Mon Apr 18 15:47:01 MDT 2022
| Date         : Fri Sep  5 13:54:10 2025
| Host         : arjun-Aspire-A315-59 running 64-bit Ubuntu 24.10
| Command      : upgrade_ip
| Device       : xc7a100tcsg324-1
------------------------------------------------------------------------------------

Upgrade Log for IP 'm3_for_arty_a7_i_sysresetn_or_0'

1. Summary
----------

SUCCESS in the conversion of m3_for_arty_a7_i_sysresetn_or_0 (xilinx.com:ip:util_vector_logic:2.0 (Rev. 2)) to Vivado generation flows.






Copyright 1986-2022 Xilinx, Inc. All Rights Reserved.
------------------------------------------------------------------------------------
| Tool Version : Vivado v.2022.1 (lin64) Build 3526262 Mon Apr 18 15:47:01 MDT 2022
| Date         : Fri Sep  5 13:54:10 2025
| Host         : arjun-Aspire-A315-59 running 64-bit Ubuntu 24.10
| Command      : upgrade_ip
| Device       : xc7a100tcsg324-1
------------------------------------------------------------------------------------

Upgrade Log for IP 'm3_for_arty_a7_i_peripheral_aresetn1_0'

1. Summary
----------

SUCCESS in the conversion of m3_for_arty_a7_i_peripheral_aresetn1_0 (xilinx.com:ip:util_vector_logic:2.0 (Rev. 2)) to Vivado generation flows.






Copyright 1986-2022 Xilinx, Inc. All Rights Reserved.
------------------------------------------------------------------------------------
| Tool Version : Vivado v.2022.1 (lin64) Build 3526262 Mon Apr 18 15:47:01 MDT 2022
| Date         : Fri Sep  5 13:54:10 2025
| Host         : arjun-Aspire-A315-59 running 64-bit Ubuntu 24.10
| Command      : upgrade_ip
| Device       : xc7a100tcsg324-1
------------------------------------------------------------------------------------

Upgrade Log for IP 'm3_for_arty_a7_i_inv_sysresetn1_0'

1. Summary
----------

SUCCESS in the conversion of m3_for_arty_a7_i_inv_sysresetn1_0 (xilinx.com:ip:util_vector_logic:2.0 (Rev. 2)) to Vivado generation flows.






Copyright 1986-2022 Xilinx, Inc. All Rights Reserved.
------------------------------------------------------------------------------------
| Tool Version : Vivado v.2022.1 (lin64) Build 3526262 Mon Apr 18 15:47:01 MDT 2022
| Date         : Fri Sep  5 13:54:10 2025
| Host         : arjun-Aspire-A315-59 running 64-bit Ubuntu 24.10
| Command      : upgrade_ip
| Device       : xc7a100tcsg324-1
------------------------------------------------------------------------------------

Upgrade Log for IP 'm3_for_arty_a7_i_inv_dbgresetn_0'

1. Summary
----------

SUCCESS in the conversion of m3_for_arty_a7_i_inv_dbgresetn_0 (xilinx.com:ip:util_vector_logic:2.0 (Rev. 2)) to Vivado generation flows.






Copyright 1986-2022 Xilinx, Inc. All Rights Reserved.
------------------------------------------------------------------------------------
| Tool Version : Vivado v.2022.1 (lin64) Build 3526262 Mon Apr 18 15:47:01 MDT 2022
| Date         : Fri Sep  5 13:54:09 2025
| Host         : arjun-Aspire-A315-59 running 64-bit Ubuntu 24.10
| Command      : upgrade_ip
| Device       : xc7a100tcsg324-1
------------------------------------------------------------------------------------

Upgrade Log for IP 'm3_for_arty_a7_i_interconnect_aresetn_0'

1. Summary
----------

SUCCESS in the conversion of m3_for_arty_a7_i_interconnect_aresetn_0 (xilinx.com:ip:util_vector_logic:2.0 (Rev. 2)) to Vivado generation flows.






Copyright 1986-2022 Xilinx, Inc. All Rights Reserved.
------------------------------------------------------------------------------------
| Tool Version : Vivado v.2022.1 (lin64) Build 3526262 Mon Apr 18 15:47:01 MDT 2022
| Date         : Fri Sep  5 13:54:09 2025
| Host         : arjun-Aspire-A315-59 running 64-bit Ubuntu 24.10
| Command      : upgrade_ip
| Device       : xc7a100tcsg324-1
------------------------------------------------------------------------------------

Upgrade Log for IP 'm3_for_arty_a7_clk_wiz_0_0'

1. Summary
----------

SUCCESS in the conversion of m3_for_arty_a7_clk_wiz_0_0 (xilinx.com:ip:clk_wiz:6.0 (Rev. 10)) to Vivado generation flows.






Copyright 1986-2022 Xilinx, Inc. All Rights Reserved.
------------------------------------------------------------------------------------
| Tool Version : Vivado v.2022.1 (lin64) Build 3526262 Mon Apr 18 15:47:01 MDT 2022
| Date         : Fri Sep  5 13:54:09 2025
| Host         : arjun-Aspire-A315-59 running 64-bit Ubuntu 24.10
| Command      : upgrade_ip
| Device       : xc7a100tcsg324-1
------------------------------------------------------------------------------------

Upgrade Log for IP 'm3_for_arty_a7_blk_mem_gen_0_0'

1. Summary
----------

SUCCESS in the conversion of m3_for_arty_a7_blk_mem_gen_0_0 (xilinx.com:ip:blk_mem_gen:8.4 (Rev. 5)) to Vivado generation flows.






Copyright 1986-2022 Xilinx, Inc. All Rights Reserved.
------------------------------------------------------------------------------------
| Tool Version : Vivado v.2022.1 (lin64) Build 3526262 Mon Apr 18 15:47:01 MDT 2022
| Date         : Fri Sep  5 13:54:09 2025
| Host         : arjun-Aspire-A315-59 running 64-bit Ubuntu 24.10
| Command      : upgrade_ip
| Device       : xc7a100tcsg324-1
------------------------------------------------------------------------------------

Upgrade Log for IP 'm3_for_arty_a7_axi_xip_quad_spi_0_0'

1. Summary
----------

SUCCESS in the conversion of m3_for_arty_a7_axi_xip_quad_spi_0_0 (xilinx.com:ip:axi_quad_spi:3.2 (Rev. 25)) to Vivado generation flows.






Copyright 1986-2022 Xilinx, Inc. All Rights Reserved.
------------------------------------------------------------------------------------
| Tool Version : Vivado v.2022.1 (lin64) Build 3526262 Mon Apr 18 15:47:01 MDT 2022
| Date         : Fri Sep  5 13:54:09 2025
| Host         : arjun-Aspire-A315-59 running 64-bit Ubuntu 24.10
| Command      : upgrade_ip
| Device       : xc7a100tcsg324-1
------------------------------------------------------------------------------------

Upgrade Log for IP 'm3_for_arty_a7_axi_uartlite_0_0'

1. Summary
----------

SUCCESS in the conversion of m3_for_arty_a7_axi_uartlite_0_0 (xilinx.com:ip:axi_uartlite:2.0 (Rev. 30)) to Vivado generation flows.






Copyright 1986-2022 Xilinx, Inc. All Rights Reserved.
------------------------------------------------------------------------------------
| Tool Version : Vivado v.2022.1 (lin64) Build 3526262 Mon Apr 18 15:47:01 MDT 2022
| Date         : Fri Sep  5 13:54:09 2025
| Host         : arjun-Aspire-A315-59 running 64-bit Ubuntu 24.10
| Command      : upgrade_ip
| Device       : xc7a100tcsg324-1
------------------------------------------------------------------------------------

Upgrade Log for IP 'm3_for_arty_a7_axi_single_spi_0_0'

1. Summary
----------

SUCCESS in the conversion of m3_for_arty_a7_axi_single_spi_0_0 (xilinx.com:ip:axi_quad_spi:3.2 (Rev. 25)) to Vivado generation flows.






Copyright 1986-2022 Xilinx, Inc. All Rights Reserved.
------------------------------------------------------------------------------------
| Tool Version : Vivado v.2022.1 (lin64) Build 3526262 Mon Apr 18 15:47:01 MDT 2022
| Date         : Fri Sep  5 13:54:09 2025
| Host         : arjun-Aspire-A315-59 running 64-bit Ubuntu 24.10
| Command      : upgrade_ip
| Device       : xc7a100tcsg324-1
------------------------------------------------------------------------------------

Upgrade Log for IP 'm3_for_arty_a7_axi_quad_spi_0_1'

1. Summary
----------

SUCCESS in the conversion of m3_for_arty_a7_axi_quad_spi_0_1 (xilinx.com:ip:axi_quad_spi:3.2 (Rev. 25)) to Vivado generation flows.






Copyright 1986-2022 Xilinx, Inc. All Rights Reserved.
------------------------------------------------------------------------------------
| Tool Version : Vivado v.2022.1 (lin64) Build 3526262 Mon Apr 18 15:47:01 MDT 2022
| Date         : Fri Sep  5 13:54:09 2025
| Host         : arjun-Aspire-A315-59 running 64-bit Ubuntu 24.10
| Command      : upgrade_ip
| Device       : xc7a100tcsg324-1
------------------------------------------------------------------------------------

Upgrade Log for IP 'm3_for_arty_a7_axi_quad_spi_0_0'

1. Summary
----------

SUCCESS in the conversion of m3_for_arty_a7_axi_quad_spi_0_0 (xilinx.com:ip:axi_quad_spi:3.2 (Rev. 25)) to Vivado generation flows.






Copyright 1986-2022 Xilinx, Inc. All Rights Reserved.
------------------------------------------------------------------------------------
| Tool Version : Vivado v.2022.1 (lin64) Build 3526262 Mon Apr 18 15:47:01 MDT 2022
| Date         : Fri Sep  5 13:54:09 2025
| Host         : arjun-Aspire-A315-59 running 64-bit Ubuntu 24.10
| Command      : upgrade_ip
| Device       : xc7a100tcsg324-1
------------------------------------------------------------------------------------

Upgrade Log for IP 'm3_for_arty_a7_axi_protocol_convert_0_0'

1. Summary
----------

SUCCESS in the conversion of m3_for_arty_a7_axi_protocol_convert_0_0 (xilinx.com:ip:axi_protocol_converter:2.1 (Rev. 26)) to Vivado generation flows.






Copyright 1986-2022 Xilinx, Inc. All Rights Reserved.
------------------------------------------------------------------------------------
| Tool Version : Vivado v.2022.1 (lin64) Build 3526262 Mon Apr 18 15:47:01 MDT 2022
| Date         : Fri Sep  5 13:54:09 2025
| Host         : arjun-Aspire-A315-59 running 64-bit Ubuntu 24.10
| Command      : upgrade_ip
| Device       : xc7a100tcsg324-1
------------------------------------------------------------------------------------

Upgrade Log for IP 'm3_for_arty_a7_axi_interconnect_1_0'

1. Summary
----------

SUCCESS in the conversion of m3_for_arty_a7_axi_interconnect_1_0 (xilinx.com:ip:axi_interconnect:2.1 (Rev. 27)) to Vivado generation flows.






Copyright 1986-2022 Xilinx, Inc. All Rights Reserved.
------------------------------------------------------------------------------------
| Tool Version : Vivado v.2022.1 (lin64) Build 3526262 Mon Apr 18 15:47:01 MDT 2022
| Date         : Fri Sep  5 13:54:09 2025
| Host         : arjun-Aspire-A315-59 running 64-bit Ubuntu 24.10
| Command      : upgrade_ip
| Device       : xc7a100tcsg324-1
------------------------------------------------------------------------------------

Upgrade Log for IP 'm3_for_arty_a7_axi_interconnect_0_1'

1. Summary
----------

SUCCESS in the conversion of m3_for_arty_a7_axi_interconnect_0_1 (xilinx.com:ip:axi_interconnect:2.1 (Rev. 27)) to Vivado generation flows.






Copyright 1986-2022 Xilinx, Inc. All Rights Reserved.
------------------------------------------------------------------------------------
| Tool Version : Vivado v.2022.1 (lin64) Build 3526262 Mon Apr 18 15:47:01 MDT 2022
| Date         : Fri Sep  5 13:54:09 2025
| Host         : arjun-Aspire-A315-59 running 64-bit Ubuntu 24.10
| Command      : upgrade_ip
| Device       : xc7a100tcsg324-1
------------------------------------------------------------------------------------

Upgrade Log for IP 'm3_for_arty_a7_axi_interconnect_0_0'

1. Summary
----------

SUCCESS in the conversion of m3_for_arty_a7_axi_interconnect_0_0 (xilinx.com:ip:axi_interconnect:2.1 (Rev. 27)) to Vivado generation flows.






Copyright 1986-2022 Xilinx, Inc. All Rights Reserved.
------------------------------------------------------------------------------------
| Tool Version : Vivado v.2022.1 (lin64) Build 3526262 Mon Apr 18 15:47:01 MDT 2022
| Date         : Fri Sep  5 13:54:09 2025
| Host         : arjun-Aspire-A315-59 running 64-bit Ubuntu 24.10
| Command      : upgrade_ip
| Device       : xc7a100tcsg324-1
------------------------------------------------------------------------------------

Upgrade Log for IP 'm3_for_arty_a7_axi_gpio_1_0'

1. Summary
----------

SUCCESS in the conversion of m3_for_arty_a7_axi_gpio_1_0 (xilinx.com:ip:axi_gpio:2.0 (Rev. 28)) to Vivado generation flows.






Copyright 1986-2022 Xilinx, Inc. All Rights Reserved.
------------------------------------------------------------------------------------
| Tool Version : Vivado v.2022.1 (lin64) Build 3526262 Mon Apr 18 15:47:01 MDT 2022
| Date         : Fri Sep  5 13:54:09 2025
| Host         : arjun-Aspire-A315-59 running 64-bit Ubuntu 24.10
| Command      : upgrade_ip
| Device       : xc7a100tcsg324-1
------------------------------------------------------------------------------------

Upgrade Log for IP 'm3_for_arty_a7_axi_gpio_0_1'

1. Summary
----------

SUCCESS in the conversion of m3_for_arty_a7_axi_gpio_0_1 (xilinx.com:ip:axi_gpio:2.0 (Rev. 28)) to Vivado generation flows.






Copyright 1986-2022 Xilinx, Inc. All Rights Reserved.
------------------------------------------------------------------------------------
| Tool Version : Vivado v.2022.1 (lin64) Build 3526262 Mon Apr 18 15:47:01 MDT 2022
| Date         : Fri Sep  5 13:54:09 2025
| Host         : arjun-Aspire-A315-59 running 64-bit Ubuntu 24.10
| Command      : upgrade_ip
| Device       : xc7a100tcsg324-1
------------------------------------------------------------------------------------

Upgrade Log for IP 'm3_for_arty_a7_axi_gpio_0_0'

1. Summary
----------

SUCCESS in the conversion of m3_for_arty_a7_axi_gpio_0_0 (xilinx.com:ip:axi_gpio:2.0 (Rev. 28)) to Vivado generation flows.






Copyright 1986-2022 Xilinx, Inc. All Rights Reserved.
------------------------------------------------------------------------------------
| Tool Version : Vivado v.2022.1 (lin64) Build 3526262 Mon Apr 18 15:47:01 MDT 2022
| Date         : Fri Sep  5 13:54:09 2025
| Host         : arjun-Aspire-A315-59 running 64-bit Ubuntu 24.10
| Command      : upgrade_ip
| Device       : xc7a100tcsg324-1
------------------------------------------------------------------------------------

Upgrade Log for IP 'm3_for_arty_a7_axi_bram_ctrl_1_0'

1. Summary
----------

SUCCESS in the conversion of m3_for_arty_a7_axi_bram_ctrl_1_0 (xilinx.com:ip:axi_bram_ctrl:4.1 (Rev. 6)) to Vivado generation flows.

2. Upgrade messages
-------------------

WARNING: upgrade cannot remove parameter C_SELECT_XPM : there is no parameter called C_SELECT_XPM in axi_bram_ctrl_v4_1






Copyright 1986-2022 Xilinx, Inc. All Rights Reserved.
------------------------------------------------------------------------------------
| Tool Version : Vivado v.2022.1 (lin64) Build 3526262 Mon Apr 18 15:47:01 MDT 2022
| Date         : Fri Sep  5 13:54:09 2025
| Host         : arjun-Aspire-A315-59 running 64-bit Ubuntu 24.10
| Command      : upgrade_ip
| Device       : xc7a100tcsg324-1
------------------------------------------------------------------------------------

Upgrade Log for IP 'm3_for_arty_a7_axi_bram_ctrl_0_0'

1. Summary
----------

SUCCESS in the conversion of m3_for_arty_a7_axi_bram_ctrl_0_0 (xilinx.com:ip:axi_bram_ctrl:4.1 (Rev. 6)) to Vivado generation flows.

2. Upgrade messages
-------------------

WARNING: upgrade cannot remove parameter C_SELECT_XPM : there is no parameter called C_SELECT_XPM in axi_bram_ctrl_v4_1






Copyright 1986-2022 Xilinx, Inc. All Rights Reserved.
------------------------------------------------------------------------------------
| Tool Version : Vivado v.2022.1 (lin64) Build 3526262 Mon Apr 18 15:47:01 MDT 2022
| Date         : Fri Sep  5 13:54:09 2025
| Host         : arjun-Aspire-A315-59 running 64-bit Ubuntu 24.10
| Command      : upgrade_ip
| Device       : xc7a100tcsg324-1
------------------------------------------------------------------------------------

Upgrade Log for IP 'm3_for_arty_a7_DAPLink_to_Arty_shield_0_0'

1. Summary
----------

SUCCESS in the conversion of m3_for_arty_a7_DAPLink_to_Arty_shield_0_0 (Arm.com:user:DAPLink_to_Arty_shield:1.0 (Rev. 7)) to Vivado generation flows.






Copyright 1986-2022 Xilinx, Inc. All Rights Reserved.
------------------------------------------------------------------------------------
| Tool Version : Vivado v.2022.1 (lin64) Build 3526262 Mon Apr 18 15:47:01 MDT 2022
| Date         : Fri Sep  5 13:54:09 2025
| Host         : arjun-Aspire-A315-59 running 64-bit Ubuntu 24.10
| Command      : upgrade_ip
| Device       : xc7a100tcsg324-1
------------------------------------------------------------------------------------

Upgrade Log for IP 'm3_for_arty_a7_Cortex_M3_0_0'

1. Summary
----------

SUCCESS in the conversion of m3_for_arty_a7_Cortex_M3_0_0 (Arm.com:CortexM:CORTEXM3_AXI:1.1 (Rev. 38)) to Vivado generation flows.

