Copyright 1986-2022 Xilinx, Inc. All Rights Reserved.
--------------------------------------------------------------------------------------------------------------------------------------------------------------------
| Tool Version : Vivado v.2022.1 (lin64) Build 3526262 Mon Apr 18 15:47:01 MDT 2022
| Date         : Thu Sep  4 09:39:00 2025
| Host         : arjun-Aspire-A315-59 running 64-bit Ubuntu 24.10
| Command      : upgrade_project -migrate_output_products
| Project_Path : /home/arjun/Vivado_PROJECTS/ARM_XPM_03_sept_2025/AT426-BU-98000-r0p1-00rel0/hardware/m3_for_arty_a7/m3_for_arty_a7/m3_for_arty_a7.xpr
--------------------------------------------------------------------------------------------------------------------------------------------------------------------

Project Status Summary

1. Project IP Status
--------------------
This project contains 0 IP and 1 Block Designs.


1.1 Project IP Instances
+--+-------------------------+-------------------------------------+-------------------------------------+
| Instance | Status                  | Reason                              | Recommendation                      |
| Name |                         |                                     |                                     |
+--+-------------------------+-------------------------------------+-------------------------------------+


1.2 Project Block Designs
+----------------+-------------------------+-------------------------------------+-------------------------------------+
| Design Name    | Status                  | Reason                              | Recommendation                      |
+----------------+-------------------------+-------------------------------------+-------------------------------------+
| m3_for_arty_a7 | Remote Source.          | Block design is remote.             | Migration not required.             |
+----------------+-------------------------+-------------------------------------+-------------------------------------+



