Copyright 1986-2022 Xilinx, Inc. All Rights Reserved.
----------------------------------------------------------------------------------------------------------------------------------------------------------------------------------------
| Tool Version     : Vivado v.2022.1 (lin64) Build 3526262 Mon Apr 18 15:47:01 MDT 2022
| Date             : Tue Oct 28 10:32:44 2025
| Host             : arjun-Aspire-A315-59 running 64-bit Ubuntu 25.04
| Command          : report_power -file m3_for_arty_a7_wrapper_power_routed.rpt -pb m3_for_arty_a7_wrapper_power_summary_routed.pb -rpx m3_for_arty_a7_wrapper_power_routed.rpx
| Design           : m3_for_arty_a7_wrapper
| Device           : xc7a100tcsg324-1
| Design State     : routed
| Grade            : commercial
| Process          : typical
| Characterization : Production
----------------------------------------------------------------------------------------------------------------------------------------------------------------------------------------

Power Report

Table of Contents
-----------------
1. Summary
1.1 On-Chip Components
1.2 Power Supply Summary
1.3 Confidence Level
2. Settings
2.1 Environment
2.2 Clock Constraints
3. Detailed Reports
3.1 By Hierarchy

1. Summary
----------

+--------------------------+--------------+
| Total On-Chip Power (W)  | 0.288        |
| Design Power Budget (W)  | Unspecified* |
| Power Budget Margin (W)  | NA           |
| Dynamic (W)              | 0.189        |
| Device Static (W)        | 0.099        |
| Effective TJA (C/W)      | 4.6          |
| Max Ambient (C)          | 83.7         |
| Junction Temperature (C) | 26.3         |
| Confidence Level         | Low          |
| Setting File             | ---          |
| Simulation Activity File | ---          |
| Design Nets Matched      | NA           |
+--------------------------+--------------+
* Specify Design Power Budget using, set_operating_conditions -design_power_budget <value in Watts>


1.1 On-Chip Components
----------------------

+-------------------------+-----------+----------+-----------+-----------------+
| On-Chip                 | Power (W) | Used     | Available | Utilization (%) |
+-------------------------+-----------+----------+-----------+-----------------+
| Clocks                  |     0.018 |       11 |       --- |             --- |
| Slice Logic             |     0.014 |    21897 |       --- |             --- |
|   LUT as Logic          |     0.013 |    12657 |     63400 |           19.96 |
|   CARRY4                |    <0.001 |      214 |     15850 |            1.35 |
|   Register              |    <0.001 |     6826 |    126800 |            5.38 |
|   F7/F8 Muxes           |    <0.001 |      214 |     63400 |            0.34 |
|   LUT as Shift Register |    <0.001 |       80 |     19000 |            0.42 |
|   Others                |     0.000 |      540 |       --- |             --- |
| Signals                 |     0.021 |    17719 |       --- |             --- |
| Block RAM               |     0.009 |     35.5 |       135 |           26.30 |
| MMCM                    |     0.106 |        1 |         6 |           16.67 |
| DSPs                    |    <0.001 |        3 |       240 |            1.25 |
| I/O                     |     0.020 |       49 |       210 |           23.33 |
| Static Power            |     0.099 |          |           |                 |
| Total                   |     0.288 |          |           |                 |
+-------------------------+-----------+----------+-----------+-----------------+


1.2 Power Supply Summary
------------------------

+-----------+-------------+-----------+-------------+------------+-------------+-------------+------------+
| Source    | Voltage (V) | Total (A) | Dynamic (A) | Static (A) | Powerup (A) | Budget (A)  | Margin (A) |
+-----------+-------------+-----------+-------------+------------+-------------+-------------+------------+
| Vccint    |       1.000 |     0.080 |       0.063 |      0.016 |       NA    | Unspecified | NA         |
| Vccaux    |       1.800 |     0.077 |       0.059 |      0.018 |       NA    | Unspecified | NA         |
| Vcco33    |       3.300 |     0.009 |       0.005 |      0.004 |       NA    | Unspecified | NA         |
| Vcco25    |       2.500 |     0.000 |       0.000 |      0.000 |       NA    | Unspecified | NA         |
| Vcco18    |       1.800 |     0.000 |       0.000 |      0.000 |       NA    | Unspecified | NA         |
| Vcco15    |       1.500 |     0.000 |       0.000 |      0.000 |       NA    | Unspecified | NA         |
| Vcco135   |       1.350 |     0.000 |       0.000 |      0.000 |       NA    | Unspecified | NA         |
| Vcco12    |       1.200 |     0.000 |       0.000 |      0.000 |       NA    | Unspecified | NA         |
| Vccaux_io |       1.800 |     0.000 |       0.000 |      0.000 |       NA    | Unspecified | NA         |
| Vccbram   |       1.000 |     0.002 |       0.001 |      0.001 |       NA    | Unspecified | NA         |
| MGTAVcc   |       1.000 |     0.000 |       0.000 |      0.000 |       NA    | Unspecified | NA         |
| MGTAVtt   |       1.200 |     0.000 |       0.000 |      0.000 |       NA    | Unspecified | NA         |
| Vccadc    |       1.800 |     0.020 |       0.000 |      0.020 |       NA    | Unspecified | NA         |
+-----------+-------------+-----------+-------------+------------+-------------+-------------+------------+


1.3 Confidence Level
--------------------

+-----------------------------+------------+--------------------------------------------------------+------------------------------------------------------------------------------------------------------------+
| User Input Data             | Confidence | Details                                                | Action                                                                                                     |
+-----------------------------+------------+--------------------------------------------------------+------------------------------------------------------------------------------------------------------------+
| Design implementation state | High       | Design is routed                                       |                                                                                                            |
| Clock nodes activity        | High       | User specified more than 95% of clocks                 |                                                                                                            |
| I/O nodes activity          | Low        | More than 75% of inputs are missing user specification | Provide missing input activity with simulation results or by editing the "By Resource Type -> I/Os" view   |
| Internal nodes activity     | Medium     | User specified less than 25% of internal nodes         | Provide missing internal nodes activity with simulation results or by editing the "By Resource Type" views |
| Device models               | High       | Device models are Production                           |                                                                                                            |
|                             |            |                                                        |                                                                                                            |
| Overall confidence level    | Low        |                                                        |                                                                                                            |
+-----------------------------+------------+--------------------------------------------------------+------------------------------------------------------------------------------------------------------------+


2. Settings
-----------

2.1 Environment
---------------

+-----------------------+--------------------------+
| Ambient Temp (C)      | 25.0                     |
| ThetaJA (C/W)         | 4.6                      |
| Airflow (LFM)         | 250                      |
| Heat Sink             | medium (Medium Profile)  |
| ThetaSA (C/W)         | 4.6                      |
| Board Selection       | medium (10"x10")         |
| # of Board Layers     | 12to15 (12 to 15 Layers) |
| Board Temperature (C) | 25.0                     |
+-----------------------+--------------------------+


2.2 Clock Constraints
---------------------

+-------------------------------------+---------------------------------------------------------------------------------------+-----------------+
| Clock                               | Domain                                                                                | Constraint (ns) |
+-------------------------------------+---------------------------------------------------------------------------------------+-----------------+
| base_qspi_clk                       | qspi_flash_sck_iobuf/IO                                                               |            20.0 |
| clkfbout_m3_for_arty_a7_clk_wiz_0_0 | m3_for_arty_a7_i/Clocks_and_Resets/clk_wiz_0/inst/clkfbout_m3_for_arty_a7_clk_wiz_0_0 |            10.0 |
| cpu_clk                             | m3_for_arty_a7_i/Clocks_and_Resets/clk_wiz_0/inst/clk_out1_m3_for_arty_a7_clk_wiz_0_0 |            20.0 |
| dap_qspi_clk                        | DAPLink_tri_o[9]                                                                      |            20.0 |
| dap_spi_clk                         | DAPLink_tri_o[3]                                                                      |            20.0 |
| qspi_clk                            | m3_for_arty_a7_i/Clocks_and_Resets/clk_wiz_0/inst/clk_out2_m3_for_arty_a7_clk_wiz_0_0 |            20.0 |
| sys_clock                           | sys_clock                                                                             |            10.0 |
+-------------------------------------+---------------------------------------------------------------------------------------+-----------------+


3. Detailed Reports
-------------------

3.1 By Hierarchy
----------------

+--------------------------+-----------+
| Name                     | Power (W) |
+--------------------------+-----------+
| m3_for_arty_a7_wrapper   |     0.189 |
|   m3_for_arty_a7_i       |     0.170 |
|     Clocks_and_Resets    |     0.107 |
|       clk_wiz_0          |     0.107 |
|     Cortex_M3_0          |     0.045 |
|       inst               |     0.045 |
|     axi_interconnect_0   |     0.002 |
|       s00_couplers       |     0.001 |
|     axi_interconnect_1   |     0.002 |
|       s00_couplers       |     0.001 |
|     axi_quad_spi_0       |     0.003 |
|       U0                 |     0.003 |
|     daplink_if_0         |     0.010 |
|       axi_quad_spi_0     |     0.003 |
|       axi_single_spi_0   |     0.003 |
|       axi_xip_quad_spi_0 |     0.002 |
|   qspi_flash_sck_iobuf   |     0.006 |
+--------------------------+-----------+


