#-----------------------------------------------------------
# updatemem v2022.1 (64-bit)
# SW Build 3526262 on Mon Apr 18 15:47:01 MDT 2022
# IP Build 3524634 on Mon Apr 18 20:55:01 MDT 2022
# Start of session at: Tue Oct 28 11:02:21 2025
# Process ID: 57633
# Current directory: /home/arjun/Vivado_PROJECTS/ARM_XPM_03_sept_2025/AT426-BU-98000-r0p1-00rel0/hardware/m3_for_arty_a7/m3_for_arty_a7/m3_for_arty_a7.runs/impl_1
# Command line: updatemem -mode batch -source /home/arjun/tool/Vivado/2022.1/scripts/updatemem/main.tcl -notrace -tclargs -meminfo m3_for_arty_a7_wrapper.mmi -data hello_adressmod.mem -proc xpm_memory_spram_inst/xpm_memory_base_inst -bit m3_for_arty_a7_wrapper.bit -out top_out1.bit
# Log file: /home/arjun/Vivado_PROJECTS/ARM_XPM_03_sept_2025/AT426-BU-98000-r0p1-00rel0/hardware/m3_for_arty_a7/m3_for_arty_a7/m3_for_arty_a7.runs/impl_1/updatemem.log
# Journal file: /home/arjun/Vivado_PROJECTS/ARM_XPM_03_sept_2025/AT426-BU-98000-r0p1-00rel0/hardware/m3_for_arty_a7/m3_for_arty_a7/m3_for_arty_a7.runs/impl_1/updatemem.jou
# Running On: arjun-Aspire-A315-59, OS: Linux, CPU Frequency: 4000.000 MHz, CPU Physical cores: 10, Host memory: 7483 MB
#-----------------------------------------------------------
source /home/arjun/tool/Vivado/2022.1/scripts/updatemem/main.tcl -notrace
Command: update_mem -meminfo m3_for_arty_a7_wrapper.mmi -data hello_adressmod.mem -proc xpm_memory_spram_inst/xpm_memory_base_inst -bit m3_for_arty_a7_wrapper.bit -out top_out1.bit
Loading bitfile m3_for_arty_a7_wrapper.bit
Loading data files...
Updating memory content...
Creating bitstream...
Writing bitstream top_out1.bit...
0 Infos, 0 Warnings, 0 Critical Warnings and 0 Errors encountered.
update_mem completed successfully
INFO: [Common 17-206] Exiting updatemem at Tue Oct 28 11:02:26 2025...
